  Area.cpp
  Attachable.cpp
  Game.cpp
C:\Users\kubas\Desktop\PPProjekt\P2\Game.cpp(112,15): warning C4244: "inicjowanie": konwersja z "double" do "int", możliwa utrata danych
C:\Users\kubas\Desktop\PPProjekt\P2\Game.cpp(108,1): warning C4996: 'sprintf': This function or variable may be unsafe. Consider using sprintf_s instead. To disable deprecation, use _CRT_SECURE_NO_WARNINGS. See online help for details.
C:\Program Files (x86)\Windows Kits\10\Include\10.0.17763.0\ucrt\stdio.h(1774): message : zobacz deklarację „sprintf”
C:\Users\kubas\Desktop\PPProjekt\P2\Game.cpp(110,1): warning C4996: 'sprintf': This function or variable may be unsafe. Consider using sprintf_s instead. To disable deprecation, use _CRT_SECURE_NO_WARNINGS. See online help for details.
C:\Program Files (x86)\Windows Kits\10\Include\10.0.17763.0\ucrt\stdio.h(1774): message : zobacz deklarację „sprintf”
C:\Users\kubas\Desktop\PPProjekt\P2\Game.cpp(113,1): warning C4996: 'sprintf': This function or variable may be unsafe. Consider using sprintf_s instead. To disable deprecation, use _CRT_SECURE_NO_WARNINGS. See online help for details.
C:\Program Files (x86)\Windows Kits\10\Include\10.0.17763.0\ucrt\stdio.h(1774): message : zobacz deklarację „sprintf”
C:\Users\kubas\Desktop\PPProjekt\P2\Game.cpp(121,12): warning C4244: "inicjowanie": konwersja z "double" do "int", możliwa utrata danych
C:\Users\kubas\Desktop\PPProjekt\P2\Game.cpp(147,1): warning C4996: 'sprintf': This function or variable may be unsafe. Consider using sprintf_s instead. To disable deprecation, use _CRT_SECURE_NO_WARNINGS. See online help for details.
C:\Program Files (x86)\Windows Kits\10\Include\10.0.17763.0\ucrt\stdio.h(1774): message : zobacz deklarację „sprintf”
C:\Users\kubas\Desktop\PPProjekt\P2\Game.cpp(288,16): warning C4244: "inicjowanie": konwersja z "double" do "int", możliwa utrata danych
C:\Users\kubas\Desktop\PPProjekt\P2\Game.cpp(291,1): warning C4996: 'sprintf': This function or variable may be unsafe. Consider using sprintf_s instead. To disable deprecation, use _CRT_SECURE_NO_WARNINGS. See online help for details.
C:\Program Files (x86)\Windows Kits\10\Include\10.0.17763.0\ucrt\stdio.h(1774): message : zobacz deklarację „sprintf”
C:\Users\kubas\Desktop\PPProjekt\P2\Game.cpp(294,1): warning C4996: 'sprintf': This function or variable may be unsafe. Consider using sprintf_s instead. To disable deprecation, use _CRT_SECURE_NO_WARNINGS. See online help for details.
C:\Program Files (x86)\Windows Kits\10\Include\10.0.17763.0\ucrt\stdio.h(1774): message : zobacz deklarację „sprintf”
  Highscore.cpp
C:\Users\kubas\Desktop\PPProjekt\P2\Highscore.cpp(32,1): warning C4996: 'strdup': The POSIX name for this item is deprecated. Instead, use the ISO C and C++ conformant name: _strdup. See online help for details.
C:\Program Files (x86)\Windows Kits\10\Include\10.0.17763.0\ucrt\string.h(536): message : zobacz deklarację „strdup”
  Keyboard.cpp
  Killing.cpp
  Level.cpp
C:\Users\kubas\Desktop\PPProjekt\P2\Level.cpp(106,1): warning C4996: 'sprintf': This function or variable may be unsafe. Consider using sprintf_s instead. To disable deprecation, use _CRT_SECURE_NO_WARNINGS. See online help for details.
C:\Program Files (x86)\Windows Kits\10\Include\10.0.17763.0\ucrt\stdio.h(1774): message : zobacz deklarację „sprintf”
C:\Users\kubas\Desktop\PPProjekt\P2\Level.cpp(225,1): warning C4996: 'sprintf': This function or variable may be unsafe. Consider using sprintf_s instead. To disable deprecation, use _CRT_SECURE_NO_WARNINGS. See online help for details.
C:\Program Files (x86)\Windows Kits\10\Include\10.0.17763.0\ucrt\stdio.h(1774): message : zobacz deklarację „sprintf”
  main.cpp
C:\Users\kubas\Desktop\PPProjekt\P2\main.cpp(110,7): warning C4102: "final": etykieta, do której nie istnieje odwołanie
  Menu.cpp
C:\Users\kubas\Desktop\PPProjekt\P2\Menu.cpp(109,1): warning C4996: 'sprintf': This function or variable may be unsafe. Consider using sprintf_s instead. To disable deprecation, use _CRT_SECURE_NO_WARNINGS. See online help for details.
C:\Program Files (x86)\Windows Kits\10\Include\10.0.17763.0\ucrt\stdio.h(1774): message : zobacz deklarację „sprintf”
C:\Users\kubas\Desktop\PPProjekt\P2\Menu.cpp(110,1): warning C4996: 'sprintf': This function or variable may be unsafe. Consider using sprintf_s instead. To disable deprecation, use _CRT_SECURE_NO_WARNINGS. See online help for details.
C:\Program Files (x86)\Windows Kits\10\Include\10.0.17763.0\ucrt\stdio.h(1774): message : zobacz deklarację „sprintf”
  Moving.cpp
  MovingFree.cpp
  MovingHor.cpp
  Draw.cpp
  Timer.cpp
  TurtleGroup.cpp
  WinArea.cpp
  Generowanie kodu...
C:\Users\kubas\Desktop\PPProjekt\P2\Menu.cpp(31): warning C4715: "Menu::GetOption”: niewszystkie ścieżki kodu zwracają wartość
  Frogger.vcxproj -> C:\Users\kubas\Desktop\PPProjekt\P2\Debug\Frogger.exe
